Nova conexão! (64)
64Nova conexão! (103)
103Conexão 103 foi desconectado
Nova conexão! (110)
110Conexão 110 foi desconectado
Nova conexão! (113)
113Conexão 113 foi desconectado
Nova conexão! (116)
116Conexão 116 foi desconectado
Nova conexão! (119)
119Conexão 119 foi desconectado
Nova conexão! (122)
122Conexão 122 foi desconectado
Nova conexão! (125)
125Conexão 125 foi desconectado
Nova conexão! (128)
128Conexão 128 foi desconectado
Nova conexão! (131)
131Conexão 131 foi desconectado
Nova conexão! (134)
134Conexão 134 foi desconectado
Nova conexão! (137)
137Conexão 137 foi desconectado
Nova conexão! (140)
140Conexão 140 foi desconectado
Nova conexão! (143)
143Conexão 143 foi desconectado
Nova conexão! (146)
146Conexão 146 foi desconectado
Nova conexão! (149)
149Conexão 149 foi desconectado
Nova conexão! (152)
152Conexão 152 foi desconectado
Nova conexão! (155)
155Conexão 155 foi desconectado
Nova conexão! (158)
158Conexão 158 foi desconectado
Nova conexão! (161)
161Conexão 161 foi desconectado
Nova conexão! (164)
164Conexão 164 foi desconectado
Nova conexão! (167)
167Conexão 167 foi desconectado
Nova conexão! (170)
170Conexão 170 foi desconectado
Nova conexão! (173)
173Conexão 173 foi desconectado
Nova conexão! (176)
176Conexão 176 foi desconectado
Nova conexão! (179)
179Conexão 179 foi desconectado
Nova conexão! (182)
182Conexão 182 foi desconectado
Nova conexão! (185)
185Conexão 185 foi desconectado
Nova conexão! (188)
188Conexão 64 foi desconectado
Nova conexão! (191)
191Conexão 191 foi desconectado
Nova conexão! (194)
194Conexão 188 foi desconectado
Nova conexão! (197)
197Conexão 197 foi desconectado
Nova conexão! (200)
200Conexão 200 foi desconectado
Nova conexão! (203)
203Conexão 194 foi desconectado
Nova conexão! (206)
206Conexão 203 foi desconectado
Conexão 206 foi desconectado
Nova conexão! (209)
209Nova conexão! (212)
212Conexão 212 foi desconectado
Nova conexão! (215)
215Conexão 209 foi desconectado
Nova conexão! (218)
218Conexão 218 foi desconectado
Nova conexão! (221)
221Conexão 221 foi desconectado
Nova conexão! (224)
224Conexão 224 foi desconectado
Nova conexão! (227)
227Conexão 227 foi desconectado
Nova conexão! (230)
230Conexão 215 foi desconectado
Nova conexão! (233)
233Conexão 233 foi desconectado
Nova conexão! (236)
236Conexão 236 foi desconectado
Nova conexão! (239)
239Conexão 239 foi desconectado
Nova conexão! (242)
242Conexão 242 foi desconectado
Nova conexão! (245)
245Conexão 245 foi desconectado
Nova conexão! (248)
248Conexão 248 foi desconectado
Nova conexão! (251)
251Conexão 251 foi desconectado
Nova conexão! (254)
254Conexão 254 foi desconectado
Nova conexão! (257)
257Conexão 257 foi desconectado
Nova conexão! (260)
260Conexão 260 foi desconectado
Nova conexão! (263)
263Conexão 263 foi desconectado
Nova conexão! (266)
266Conexão 230 foi desconectado
Nova conexão! (269)
269Conexão 269 foi desconectado
Nova conexão! (272)
272Conexão 272 foi desconectado
Nova conexão! (275)
275Conexão 275 foi desconectado
Nova conexão! (278)
278Conexão 278 foi desconectado
Nova conexão! (281)
281Conexão 281 foi desconectado
Nova conexão! (284)
284Conexão 284 foi desconectado
Nova conexão! (287)
287Conexão 287 foi desconectado
Nova conexão! (290)
290Conexão 290 foi desconectado
Nova conexão! (293)
293Conexão 293 foi desconectado
Nova conexão! (296)
296Conexão 296 foi desconectado
Nova conexão! (299)
299Conexão 299 foi desconectado
Nova conexão! (302)
302Conexão 302 foi desconectado
Nova conexão! (305)
305Conexão 305 foi desconectado
Nova conexão! (308)
308Conexão 308 foi desconectado
Nova conexão! (311)
311Conexão 311 foi desconectado
Nova conexão! (314)
314Conexão 314 foi desconectado
Nova conexão! (317)
317Conexão 317 foi desconectado
Nova conexão! (320)
320Conexão 320 foi desconectado
Nova conexão! (323)
323Conexão 323 foi desconectado
Nova conexão! (326)
326Conexão 326 foi desconectado
Nova conexão! (329)
329Conexão 329 foi desconectado
Nova conexão! (332)
332Conexão 332 foi desconectado
Nova conexão! (335)
335Conexão 335 foi desconectado
Nova conexão! (338)
338Conexão 338 foi desconectado
Nova conexão! (341)
341Conexão 341 foi desconectado
Nova conexão! (344)
344Conexão 344 foi desconectado
Nova conexão! (347)
347Conexão 347 foi desconectado
Nova conexão! (350)
350Conexão 350 foi desconectado
Nova conexão! (353)
353Conexão 353 foi desconectado
Nova conexão! (356)
356Conexão 356 foi desconectado
Nova conexão! (359)
359Conexão 359 foi desconectado
Nova conexão! (362)
362Conexão 362 foi desconectado
Nova conexão! (365)
365Conexão 365 foi desconectado
Nova conexão! (368)
368Conexão 368 foi desconectado
Nova conexão! (371)
371Conexão 371 foi desconectado
Nova conexão! (374)
374Conexão 374 foi desconectado
Nova conexão! (377)
377Conexão 377 foi desconectado
Nova conexão! (380)
380Conexão 380 foi desconectado
Nova conexão! (383)
383Conexão 383 foi desconectado
Nova conexão! (386)
386Conexão 386 foi desconectado
Nova conexão! (389)
389Conexão 389 foi desconectado
Nova conexão! (392)
392Conexão 392 foi desconectado
Nova conexão! (395)
395Conexão 395 foi desconectado
Nova conexão! (398)
398Conexão 398 foi desconectado
Nova conexão! (401)
401Conexão 401 foi desconectado
Nova conexão! (404)
404Conexão 404 foi desconectado
Nova conexão! (407)
407Conexão 407 foi desconectado
Nova conexão! (410)
410Conexão 410 foi desconectado
Nova conexão! (413)
413Conexão 413 foi desconectado
Nova conexão! (416)
416Conexão 416 foi desconectado
Nova conexão! (419)
419Conexão 419 foi desconectado
Nova conexão! (422)
422Conexão 422 foi desconectado
Nova conexão! (425)
425Conexão 425 foi desconectado
Nova conexão! (428)
428Conexão 428 foi desconectado
Nova conexão! (431)
431Conexão 431 foi desconectado
Nova conexão! (434)
434Conexão 434 foi desconectado
Nova conexão! (437)
437Conexão 437 foi desconectado
Nova conexão! (440)
440Conexão 440 foi desconectado
Nova conexão! (443)
443Conexão 443 foi desconectado
Nova conexão! (446)
446Conexão 446 foi desconectado
Nova conexão! (449)
449Conexão 449 foi desconectado
Nova conexão! (452)
452Conexão 452 foi desconectado
Nova conexão! (455)
455Conexão 455 foi desconectado
Nova conexão! (458)
458Conexão 458 foi desconectado
Nova conexão! (461)
461Conexão 266 foi desconectado
Nova conexão! (464)
464Conexão 464 foi desconectado
Nova conexão! (467)
467